22 15
125 15
37 14
48 13
65 13
97 13
55 12
57 12
73 12
129 12
152 12
31 11
47 11
70 11
94 11
131 11
135 11
145 11
2 10
8 10
51 10
67 10
68 10
79 10
81 10
88 10
138 10
143 10
13 9
15 9
25 9
42 9
45 9
61 9
69 9
71 9
77 9
80 9
100 9
112 9
130 9
151 9
0 8
4 8
5 8
7 8
56 8
19 7
32 7
35 7
38 7
49 7
64 7
86 7
87 7
90 7
105 7
111 7
120 7
134 7
144 7
12 6
23 6
83 6
85 6
98 6
110 6
114 6
126 6
142 6
3 5
11 5
20 5
24 5
26 5
28 5
36 5
46 5
50 5
78 5
104 5
106 5
123 5
127 5
141 5
146 5
1 4
10 4
16 4
39 4
44 4
53 4
58 4
60 4
63 4
89 4
99 4
101 4
103 4
109 4
116 4
132 4
133 4
140 4
149 4
153 4
154 4
9 3
17 3
21 3
27 3
29 3
34 3
41 3
52 3
66 3
74 3
75 3
84 3
91 3
108 3
117 3
118 3
119 3
121 3
136 3
139 3
6 2
14 2
18 2
33 2
40 2
43 2
62 2
72 2
76 2
82 2
93 2
95 2
102 2
115 2
122 2
128 2
147 2
150 2
30 1
54 1
59 1
92 1
124 1
137 1
148 1
96 0
107 0
113 0
