62 0
77 0
83 0
22 -1
28 -1
41 -1
70 -1
72 -1
2 -2
13 -2
18 -2
34 -2
36 -2
52 -2
58 -2
61 -2
71 -2
74 -2
82 -2
0 -3
8 -3
37 -3
47 -3
48 -3
3 -4
24 -4
30 -4
76 -4
81 -4
5 -5
11 -5
21 -5
25 -5
29 -5
12 -6
19 -6
23 -6
42 -6
43 -6
46 -6
53 -6
55 -6
64 -6
75 -6
15 -7
32 -7
38 -7
40 -7
59 -7
67 -7
7 -8
31 -8
33 -8
39 -8
60 -8
69 -8
80 -8
14 -9
35 -9
45 -9
54 -9
56 -9
57 -9
66 -9
68 -9
78 -9
73 -10
79 -10
10 -11
16 -11
27 -11
49 -11
50 -11
65 -11
1 -12
20 -12
63 -12
6 -13
17 -13
26 -13
44 -13
51 -13
9 -14
4 -15
