77 305
81 300
7 295
94 295
71 290
79 290
130 290
39 285
92 285
102 280
104 280
109 275
126 270
135 270
17 260
55 260
101 255
31 250
34 250
63 250
103 250
22 245
112 240
114 240
72 235
105 235
4 230
48 230
60 230
78 230
85 230
123 230
10 225
59 225
82 225
88 225
100 225
73 220
95 220
6 210
38 210
45 210
80 210
8 205
32 205
68 205
89 205
106 205
110 200
117 200
42 195
50 195
53 195
122 195
26 190
30 190
43 190
70 190
132 190
134 190
0 185
2 185
13 185
23 185
65 185
66 185
76 185
127 185
128 185
138 185
19 180
28 180
29 180
35 180
86 180
90 180
119 180
133 180
1 175
5 175
14 175
16 175
27 175
83 175
40 170
97 170
113 170
21 165
46 165
49 165
57 165
118 165
121 165
15 160
25 160
51 160
62 160
69 160
107 160
124 160
137 160
9 155
37 155
54 155
56 155
87 155
111 155
116 155
3 150
12 150
36 150
41 150
93 150
33 145
125 145
58 140
64 140
20 135
75 135
96 135
131 135
44 130
99 130
18 125
98 125
108 125
115 125
129 125
136 125
11 120
61 120
91 120
74 115
24 110
52 105
67 105
120 85
47 80
84 80
